<?xml version="1.0" encoding="UTF-8"?>
<!-- Generated by org.testng.reporters.JUnitXMLReporter -->
<testsuite ignored="0" hostname="Masum" failures="0" tests="3" name="Test" time="79.306" errors="0" timestamp="2024-02-28T23:22:43 IST">
  <testcase classname="com.MobileAppiumUT.TestCase.OS" name="SendMsg" time="14.733"/>
  <testcase classname="com.MobileAppiumUT.TestCase.Preference" name="Wifi" time="15.241"/>
  <testcase classname="com.MobileAppiumUT.TestCase.Animations" name="Hide" time="18.017"/>
</testsuite> <!-- Test -->
