<?xml version="1.0" encoding="UTF-8"?>
<testng-results ignored="0" total="4" passed="4" failed="0" skipped="0">
  <reporter-output>
  </reporter-output>
  <suite started-at="2024-02-29T00:09:10 IST" name="Suite" finished-at="2024-02-29T00:10:48 IST" duration-ms="97925">
    <groups>
    </groups>
    <test started-at="2024-02-29T00:09:10 IST" name="Appium-Automation" finished-at="2024-02-29T00:10:48 IST" duration-ms="97925">
      <class name="com.MobileAppiumUT.TestCase.OS">
        <test-method is-config="true" signature="ConfigureAppium()[pri:0, instance:com.MobileAppiumUT.TestCase.OS@5ab956d7]" started-at="2024-02-29T00:09:10 IST" name="ConfigureAppium" finished-at="2024-02-29T00:09:22 IST" duration-ms="12373" status="PASS">
          <reporter-output>
          </reporter-output>
        </test-method> <!-- ConfigureAppium -->
        <test-method signature="SendMsg()[pri:0, instance:com.MobileAppiumUT.TestCase.OS@5ab956d7]" started-at="2024-02-29T00:09:22 IST" name="SendMsg" finished-at="2024-02-29T00:09:37 IST" duration-ms="14746" status="PASS">
          <reporter-output>
          </reporter-output>
        </test-method> <!-- SendMsg -->
        <test-method is-config="true" signature="tearDown()[pri:0, instance:com.MobileAppiumUT.TestCase.OS@5ab956d7]" started-at="2024-02-29T00:09:37 IST" name="tearDown" finished-at="2024-02-29T00:09:37 IST" duration-ms="404" status="PASS">
          <reporter-output>
          </reporter-output>
        </test-method> <!-- tearDown -->
      </class> <!-- com.MobileAppiumUT.TestCase.OS -->
      <class name="com.MobileAppiumUT.TestCase.LongPress">
        <test-method is-config="true" signature="ConfigureAppium()[pri:0, instance:com.MobileAppiumUT.TestCase.LongPress@3646a422]" started-at="2024-02-29T00:09:37 IST" name="ConfigureAppium" finished-at="2024-02-29T00:09:47 IST" duration-ms="9804" status="PASS">
          <reporter-output>
          </reporter-output>
        </test-method> <!-- ConfigureAppium -->
        <test-method signature="longPressAction()[pri:0, instance:com.MobileAppiumUT.TestCase.LongPress@3646a422]" started-at="2024-02-29T00:09:47 IST" name="longPressAction" finished-at="2024-02-29T00:09:53 IST" duration-ms="6027" status="PASS">
          <reporter-output>
          </reporter-output>
        </test-method> <!-- longPressAction -->
        <test-method is-config="true" signature="tearDown()[pri:0, instance:com.MobileAppiumUT.TestCase.LongPress@3646a422]" started-at="2024-02-29T00:09:53 IST" name="tearDown" finished-at="2024-02-29T00:09:54 IST" duration-ms="532" status="PASS">
          <reporter-output>
          </reporter-output>
        </test-method> <!-- tearDown -->
      </class> <!-- com.MobileAppiumUT.TestCase.LongPress -->
      <class name="com.MobileAppiumUT.TestCase.Animations">
        <test-method is-config="true" signature="ConfigureAppium()[pri:0, instance:com.MobileAppiumUT.TestCase.Animations@3e27aa33]" started-at="2024-02-29T00:10:20 IST" name="ConfigureAppium" finished-at="2024-02-29T00:10:29 IST" duration-ms="9482" status="PASS">
          <reporter-output>
          </reporter-output>
        </test-method> <!-- ConfigureAppium -->
        <test-method signature="Hide()[pri:0, instance:com.MobileAppiumUT.TestCase.Animations@3e27aa33]" started-at="2024-02-29T00:10:29 IST" name="Hide" finished-at="2024-02-29T00:10:47 IST" duration-ms="18239" status="PASS">
          <reporter-output>
          </reporter-output>
        </test-method> <!-- Hide -->
        <test-method is-config="true" signature="tearDown()[pri:0, instance:com.MobileAppiumUT.TestCase.Animations@3e27aa33]" started-at="2024-02-29T00:10:47 IST" name="tearDown" finished-at="2024-02-29T00:10:48 IST" duration-ms="449" status="PASS">
          <reporter-output>
          </reporter-output>
        </test-method> <!-- tearDown -->
      </class> <!-- com.MobileAppiumUT.TestCase.Animations -->
      <class name="com.MobileAppiumUT.TestCase.Preference">
        <test-method is-config="true" signature="ConfigureAppium()[pri:0, instance:com.MobileAppiumUT.TestCase.Preference@750e2b97]" started-at="2024-02-29T00:09:54 IST" name="ConfigureAppium" finished-at="2024-02-29T00:10:04 IST" duration-ms="10493" status="PASS">
          <reporter-output>
          </reporter-output>
        </test-method> <!-- ConfigureAppium -->
        <test-method signature="Wifi()[pri:0, instance:com.MobileAppiumUT.TestCase.Preference@750e2b97]" started-at="2024-02-29T00:10:04 IST" name="Wifi" finished-at="2024-02-29T00:10:19 IST" duration-ms="14772" status="PASS">
          <reporter-output>
          </reporter-output>
        </test-method> <!-- Wifi -->
        <test-method is-config="true" signature="tearDown()[pri:0, instance:com.MobileAppiumUT.TestCase.Preference@750e2b97]" started-at="2024-02-29T00:10:19 IST" name="tearDown" finished-at="2024-02-29T00:10:20 IST" duration-ms="542" status="PASS">
          <reporter-output>
          </reporter-output>
        </test-method> <!-- tearDown -->
      </class> <!-- com.MobileAppiumUT.TestCase.Preference -->
    </test> <!-- Appium-Automation -->
  </suite> <!-- Suite -->
</testng-results>
