<?xml version="1.0" encoding="UTF-8"?>
<testng-results ignored="0" total="1" passed="1" failed="0" skipped="0">
  <reporter-output>
  </reporter-output>
  <suite started-at="2024-02-28T16:22:12 IST" name="Default suite" finished-at="2024-02-28T16:22:51 IST" duration-ms="39492">
    <groups>
    </groups>
    <test started-at="2024-02-28T16:22:12 IST" name="Default test" finished-at="2024-02-28T16:22:51 IST" duration-ms="39492">
      <class name="com.MobileAppiumUT.TestCase.Animations">
        <test-method is-config="true" signature="ConfigureAppium()[pri:0, instance:com.MobileAppiumUT.TestCase.Animations@6574a52c]" started-at="2024-02-28T16:22:12 IST" name="ConfigureAppium" finished-at="2024-02-28T16:22:32 IST" duration-ms="20543" status="PASS">
          <reporter-output>
          </reporter-output>
        </test-method> <!-- ConfigureAppium -->
        <test-method signature="Hide()[pri:0, instance:com.MobileAppiumUT.TestCase.Animations@6574a52c]" started-at="2024-02-28T16:22:32 IST" name="Hide" finished-at="2024-02-28T16:22:51 IST" duration-ms="18246" status="PASS">
          <reporter-output>
          </reporter-output>
        </test-method> <!-- Hide -->
        <test-method is-config="true" signature="tearDown()[pri:0, instance:com.MobileAppiumUT.TestCase.Animations@6574a52c]" started-at="2024-02-28T16:22:51 IST" name="tearDown" finished-at="2024-02-28T16:22:51 IST" duration-ms="645" status="PASS">
          <reporter-output>
          </reporter-output>
        </test-method> <!-- tearDown -->
      </class> <!-- com.MobileAppiumUT.TestCase.Animations -->
    </test> <!-- Default test -->
  </suite> <!-- Default suite -->
</testng-results>
